2022/09/14 13:44:06 [notice] 1#1: using the "epoll" event method
2022/09/14 13:44:06 [notice] 1#1: nginx/1.23.1
2022/09/14 13:44:06 [notice] 1#1: built by gcc 11.2.1 20220219 (Alpine 11.2.1_git20220219) 
2022/09/14 13:44:06 [notice] 1#1: OS: Linux 5.10.16.3-microsoft-standard-WSL2
2022/09/14 13:44:06 [notice] 1#1: getrlimit(RLIMIT_NOFILE): 1048576:1048576
2022/09/14 13:44:06 [notice] 1#1: start worker processes
2022/09/14 13:44:06 [notice] 1#1: start worker process 32
2022/09/14 13:44:06 [notice] 1#1: start worker process 33
2022/09/14 13:44:06 [notice] 1#1: start worker process 34
2022/09/14 13:44:06 [notice] 1#1: start worker process 35
2022/09/14 13:44:06 [notice] 1#1: start worker process 36
2022/09/14 13:44:06 [notice] 1#1: start worker process 37
2022/09/14 13:44:06 [notice] 1#1: start worker process 38
2022/09/14 13:44:06 [notice] 1#1: start worker process 39
2022/09/14 13:44:18 [notice] 1#1: signal 3 (SIGQUIT) received, shutting down
2022/09/14 13:44:18 [notice] 32#32: gracefully shutting down
2022/09/14 13:44:18 [notice] 33#33: gracefully shutting down
2022/09/14 13:44:18 [notice] 34#34: gracefully shutting down
2022/09/14 13:44:18 [notice] 35#35: gracefully shutting down
2022/09/14 13:44:18 [notice] 32#32: exiting
2022/09/14 13:44:18 [notice] 33#33: exiting
2022/09/14 13:44:18 [notice] 36#36: gracefully shutting down
2022/09/14 13:44:18 [notice] 37#37: gracefully shutting down
2022/09/14 13:44:18 [notice] 34#34: exiting
2022/09/14 13:44:18 [notice] 35#35: exiting
2022/09/14 13:44:18 [notice] 38#38: gracefully shutting down
2022/09/14 13:44:18 [notice] 36#36: exiting
2022/09/14 13:44:18 [notice] 37#37: exiting
2022/09/14 13:44:18 [notice] 38#38: exiting
2022/09/14 13:44:18 [notice] 34#34: exit
2022/09/14 13:44:18 [notice] 32#32: exit
2022/09/14 13:44:18 [notice] 33#33: exit
2022/09/14 13:44:18 [notice] 35#35: exit
2022/09/14 13:44:18 [notice] 36#36: exit
2022/09/14 13:44:18 [notice] 37#37: exit
2022/09/14 13:44:18 [notice] 38#38: exit
2022/09/14 13:44:18 [notice] 39#39: gracefully shutting down
2022/09/14 13:44:18 [notice] 39#39: exiting
2022/09/14 13:44:18 [notice] 39#39: exit
2022/09/14 13:44:18 [notice] 1#1: signal 17 (SIGCHLD) received from 39
2022/09/14 13:44:18 [notice] 1#1: worker process 39 exited with code 0
2022/09/14 13:44:18 [notice] 1#1: signal 29 (SIGIO) received
2022/09/14 13:44:18 [notice] 1#1: signal 17 (SIGCHLD) received from 34
2022/09/14 13:44:18 [notice] 1#1: worker process 33 exited with code 0
2022/09/14 13:44:18 [notice] 1#1: worker process 34 exited with code 0
2022/09/14 13:44:18 [notice] 1#1: worker process 35 exited with code 0
2022/09/14 13:44:18 [notice] 1#1: worker process 36 exited with code 0
2022/09/14 13:44:18 [notice] 1#1: worker process 37 exited with code 0
2022/09/14 13:44:18 [notice] 1#1: worker process 38 exited with code 0
2022/09/14 13:44:18 [notice] 1#1: signal 29 (SIGIO) received
2022/09/14 13:44:18 [notice] 1#1: signal 17 (SIGCHLD) received from 32
2022/09/14 13:44:18 [notice] 1#1: worker process 32 exited with code 0
2022/09/14 13:44:18 [notice] 1#1: exit
2022/09/14 13:44:53 [notice] 1#1: using the "epoll" event method
2022/09/14 13:44:53 [notice] 1#1: nginx/1.23.1
2022/09/14 13:44:53 [notice] 1#1: built by gcc 11.2.1 20220219 (Alpine 11.2.1_git20220219) 
2022/09/14 13:44:53 [notice] 1#1: OS: Linux 5.10.16.3-microsoft-standard-WSL2
2022/09/14 13:44:53 [notice] 1#1: getrlimit(RLIMIT_NOFILE): 1048576:1048576
2022/09/14 13:44:53 [notice] 1#1: start worker processes
2022/09/14 13:44:53 [notice] 1#1: start worker process 32
2022/09/14 13:44:53 [notice] 1#1: start worker process 33
2022/09/14 13:44:53 [notice] 1#1: start worker process 34
2022/09/14 13:44:53 [notice] 1#1: start worker process 35
2022/09/14 13:44:53 [notice] 1#1: start worker process 36
2022/09/14 13:44:53 [notice] 1#1: start worker process 37
2022/09/14 13:44:53 [notice] 1#1: start worker process 38
2022/09/14 13:44:53 [notice] 1#1: start worker process 39
2022/09/14 13:49:06 [error] 33#33: *1 open() "/usr/share/nginx/html/favicon.ico" failed (2: No such file or directory), client: 172.20.0.1, server: localhost, request: "GET /favicon.ico HTTP/1.1", host: "lara", referrer: "http://lara/"
2022/09/14 13:50:01 [notice] 1#1: signal 3 (SIGQUIT) received, shutting down
2022/09/14 13:50:01 [notice] 33#33: gracefully shutting down
2022/09/14 13:50:01 [notice] 32#32: gracefully shutting down
2022/09/14 13:50:01 [notice] 34#34: gracefully shutting down
2022/09/14 13:50:01 [notice] 36#36: gracefully shutting down
2022/09/14 13:50:01 [notice] 35#35: gracefully shutting down
2022/09/14 13:50:01 [notice] 34#34: exiting
2022/09/14 13:50:01 [notice] 32#32: exiting
2022/09/14 13:50:01 [notice] 36#36: exiting
2022/09/14 13:50:01 [notice] 39#39: gracefully shutting down
2022/09/14 13:50:01 [notice] 33#33: exiting
2022/09/14 13:50:01 [notice] 35#35: exiting
2022/09/14 13:50:01 [notice] 39#39: exiting
2022/09/14 13:50:01 [notice] 36#36: exit
2022/09/14 13:50:01 [notice] 34#34: exit
2022/09/14 13:50:01 [notice] 33#33: exit
2022/09/14 13:50:01 [notice] 32#32: exit
2022/09/14 13:50:01 [notice] 35#35: exit
2022/09/14 13:50:01 [notice] 39#39: exit
2022/09/14 13:50:01 [notice] 38#38: gracefully shutting down
2022/09/14 13:50:01 [notice] 38#38: exiting
2022/09/14 13:50:01 [notice] 37#37: gracefully shutting down
2022/09/14 13:50:01 [notice] 37#37: exiting
2022/09/14 13:50:01 [notice] 38#38: exit
2022/09/14 13:50:01 [notice] 37#37: exit
2022/09/14 13:50:01 [notice] 1#1: signal 17 (SIGCHLD) received from 38
2022/09/14 13:50:01 [notice] 1#1: worker process 38 exited with code 0
2022/09/14 13:50:01 [notice] 1#1: signal 29 (SIGIO) received
2022/09/14 13:50:01 [notice] 1#1: signal 17 (SIGCHLD) received from 37
2022/09/14 13:50:01 [notice] 1#1: worker process 33 exited with code 0
2022/09/14 13:50:01 [notice] 1#1: worker process 37 exited with code 0
2022/09/14 13:50:01 [notice] 1#1: signal 29 (SIGIO) received
2022/09/14 13:50:01 [notice] 1#1: signal 17 (SIGCHLD) received from 32
2022/09/14 13:50:01 [notice] 1#1: worker process 32 exited with code 0
2022/09/14 13:50:01 [notice] 1#1: signal 29 (SIGIO) received
2022/09/14 13:50:01 [notice] 1#1: signal 17 (SIGCHLD) received from 36
2022/09/14 13:50:01 [notice] 1#1: worker process 36 exited with code 0
2022/09/14 13:50:01 [notice] 1#1: signal 29 (SIGIO) received
2022/09/14 13:50:01 [notice] 1#1: signal 17 (SIGCHLD) received from 39
2022/09/14 13:50:01 [notice] 1#1: worker process 39 exited with code 0
2022/09/14 13:50:01 [notice] 1#1: signal 29 (SIGIO) received
2022/09/14 13:50:01 [notice] 1#1: signal 17 (SIGCHLD) received from 35
2022/09/14 13:50:01 [notice] 1#1: worker process 34 exited with code 0
2022/09/14 13:50:01 [notice] 1#1: worker process 35 exited with code 0
2022/09/14 13:50:01 [notice] 1#1: exit
2022/09/14 13:50:06 [notice] 1#1: using the "epoll" event method
2022/09/14 13:50:06 [notice] 1#1: nginx/1.23.1
2022/09/14 13:50:06 [notice] 1#1: built by gcc 11.2.1 20220219 (Alpine 11.2.1_git20220219) 
2022/09/14 13:50:06 [notice] 1#1: OS: Linux 5.10.16.3-microsoft-standard-WSL2
2022/09/14 13:50:06 [notice] 1#1: getrlimit(RLIMIT_NOFILE): 1048576:1048576
2022/09/14 13:50:06 [notice] 1#1: start worker processes
2022/09/14 13:50:06 [notice] 1#1: start worker process 24
2022/09/14 13:50:06 [notice] 1#1: start worker process 25
2022/09/14 13:50:06 [notice] 1#1: start worker process 26
2022/09/14 13:50:06 [notice] 1#1: start worker process 27
2022/09/14 13:50:06 [notice] 1#1: start worker process 28
2022/09/14 13:50:06 [notice] 1#1: start worker process 29
2022/09/14 13:50:06 [notice] 1#1: start worker process 30
2022/09/14 13:50:06 [notice] 1#1: start worker process 31
2022/09/14 13:50:17 [notice] 1#1: signal 3 (SIGQUIT) received, shutting down
2022/09/14 13:50:17 [notice] 26#26: gracefully shutting down
2022/09/14 13:50:17 [notice] 25#25: gracefully shutting down
2022/09/14 13:50:17 [notice] 26#26: exiting
2022/09/14 13:50:17 [notice] 24#24: gracefully shutting down
2022/09/14 13:50:17 [notice] 25#25: exiting
2022/09/14 13:50:17 [notice] 24#24: exiting
2022/09/14 13:50:17 [notice] 25#25: exit
2022/09/14 13:50:17 [notice] 26#26: exit
2022/09/14 13:50:17 [notice] 24#24: exit
2022/09/14 13:50:17 [notice] 27#27: gracefully shutting down
2022/09/14 13:50:17 [notice] 28#28: gracefully shutting down
2022/09/14 13:50:17 [notice] 27#27: exiting
2022/09/14 13:50:17 [notice] 30#30: gracefully shutting down
2022/09/14 13:50:17 [notice] 28#28: exiting
2022/09/14 13:50:17 [notice] 31#31: gracefully shutting down
2022/09/14 13:50:17 [notice] 29#29: gracefully shutting down
2022/09/14 13:50:17 [notice] 30#30: exiting
2022/09/14 13:50:17 [notice] 31#31: exiting
2022/09/14 13:50:17 [notice] 29#29: exiting
2022/09/14 13:50:17 [notice] 27#27: exit
2022/09/14 13:50:17 [notice] 28#28: exit
2022/09/14 13:50:17 [notice] 31#31: exit
2022/09/14 13:50:17 [notice] 30#30: exit
2022/09/14 13:50:17 [notice] 29#29: exit
2022/09/14 13:50:18 [notice] 1#1: signal 17 (SIGCHLD) received from 25
2022/09/14 13:50:18 [notice] 1#1: worker process 25 exited with code 0
2022/09/14 13:50:18 [notice] 1#1: worker process 26 exited with code 0
2022/09/14 13:50:18 [notice] 1#1: worker process 27 exited with code 0
2022/09/14 13:50:18 [notice] 1#1: worker process 30 exited with code 0
2022/09/14 13:50:18 [notice] 1#1: signal 29 (SIGIO) received
2022/09/14 13:50:18 [notice] 1#1: signal 17 (SIGCHLD) received from 31
2022/09/14 13:50:18 [notice] 1#1: worker process 29 exited with code 0
2022/09/14 13:50:18 [notice] 1#1: worker process 31 exited with code 0
2022/09/14 13:50:18 [notice] 1#1: signal 29 (SIGIO) received
2022/09/14 13:50:18 [notice] 1#1: signal 17 (SIGCHLD) received from 24
2022/09/14 13:50:18 [notice] 1#1: worker process 24 exited with code 0
2022/09/14 13:50:18 [notice] 1#1: signal 29 (SIGIO) received
2022/09/14 13:50:18 [notice] 1#1: signal 17 (SIGCHLD) received from 28
2022/09/14 13:50:18 [notice] 1#1: worker process 28 exited with code 0
2022/09/14 13:50:18 [notice] 1#1: exit
2022/09/14 13:50:21 [notice] 1#1: using the "epoll" event method
2022/09/14 13:50:21 [notice] 1#1: nginx/1.23.1
2022/09/14 13:50:21 [notice] 1#1: built by gcc 11.2.1 20220219 (Alpine 11.2.1_git20220219) 
2022/09/14 13:50:21 [notice] 1#1: OS: Linux 5.10.16.3-microsoft-standard-WSL2
2022/09/14 13:50:21 [notice] 1#1: getrlimit(RLIMIT_NOFILE): 1048576:1048576
2022/09/14 13:50:21 [notice] 1#1: start worker processes
2022/09/14 13:50:21 [notice] 1#1: start worker process 24
2022/09/14 13:50:21 [notice] 1#1: start worker process 25
2022/09/14 13:50:21 [notice] 1#1: start worker process 26
2022/09/14 13:50:21 [notice] 1#1: start worker process 27
2022/09/14 13:50:21 [notice] 1#1: start worker process 28
2022/09/14 13:50:21 [notice] 1#1: start worker process 29
2022/09/14 13:50:21 [notice] 1#1: start worker process 30
2022/09/14 13:50:21 [notice] 1#1: start worker process 31
2022/09/14 13:54:50 [error] 27#27: *4 open() "/usr/share/nginx/html/index.php" failed (2: No such file or directory), client: 172.20.0.1, server: localhost, request: "GET /index.php HTTP/1.1", host: "lara"
2022/09/14 13:57:33 [emerg] 38#38: bind() to 0.0.0.0:80 failed (98: Address in use)
2022/09/14 13:57:33 [emerg] 38#38: bind() to [::]:80 failed (98: Address in use)
2022/09/14 13:57:33 [notice] 38#38: try again to bind() after 500ms
2022/09/14 13:57:33 [emerg] 38#38: bind() to 0.0.0.0:80 failed (98: Address in use)
2022/09/14 13:57:33 [emerg] 38#38: bind() to [::]:80 failed (98: Address in use)
2022/09/14 13:57:33 [notice] 38#38: try again to bind() after 500ms
2022/09/14 13:57:33 [emerg] 38#38: bind() to 0.0.0.0:80 failed (98: Address in use)
2022/09/14 13:57:33 [emerg] 38#38: bind() to [::]:80 failed (98: Address in use)
2022/09/14 13:57:33 [notice] 38#38: try again to bind() after 500ms
2022/09/14 13:57:33 [emerg] 38#38: bind() to 0.0.0.0:80 failed (98: Address in use)
2022/09/14 13:57:33 [emerg] 38#38: bind() to [::]:80 failed (98: Address in use)
2022/09/14 13:57:33 [notice] 38#38: try again to bind() after 500ms
2022/09/14 13:57:33 [emerg] 38#38: bind() to 0.0.0.0:80 failed (98: Address in use)
2022/09/14 13:57:33 [emerg] 38#38: bind() to [::]:80 failed (98: Address in use)
2022/09/14 13:57:33 [notice] 38#38: try again to bind() after 500ms
2022/09/14 13:57:33 [emerg] 38#38: still could not bind()
2022/09/14 13:58:56 [notice] 50#50: signal process started
2022/09/14 13:58:56 [notice] 1#1: signal 1 (SIGHUP) received from 50, reconfiguring
2022/09/14 13:58:56 [notice] 1#1: reconfiguring
2022/09/14 13:58:56 [notice] 1#1: using the "epoll" event method
2022/09/14 13:58:56 [notice] 1#1: start worker processes
2022/09/14 13:58:56 [notice] 1#1: start worker process 56
2022/09/14 13:58:56 [notice] 1#1: start worker process 57
2022/09/14 13:58:56 [notice] 1#1: start worker process 58
2022/09/14 13:58:56 [notice] 1#1: start worker process 59
2022/09/14 13:58:56 [notice] 1#1: start worker process 60
2022/09/14 13:58:56 [notice] 1#1: start worker process 61
2022/09/14 13:58:56 [notice] 1#1: start worker process 62
2022/09/14 13:58:56 [notice] 1#1: start worker process 63
2022/09/14 13:58:56 [notice] 24#24: gracefully shutting down
2022/09/14 13:58:56 [notice] 25#25: gracefully shutting down
2022/09/14 13:58:56 [notice] 26#26: gracefully shutting down
2022/09/14 13:58:56 [notice] 27#27: gracefully shutting down
2022/09/14 13:58:56 [notice] 28#28: gracefully shutting down
2022/09/14 13:58:56 [notice] 24#24: exiting
2022/09/14 13:58:56 [notice] 25#25: exiting
2022/09/14 13:58:56 [notice] 30#30: gracefully shutting down
2022/09/14 13:58:56 [notice] 27#27: exiting
2022/09/14 13:58:56 [notice] 28#28: exiting
2022/09/14 13:58:56 [notice] 30#30: exiting
2022/09/14 13:58:56 [notice] 26#26: exiting
2022/09/14 13:58:56 [notice] 29#29: gracefully shutting down
2022/09/14 13:58:56 [notice] 29#29: exiting
2022/09/14 13:58:56 [notice] 24#24: exit
2022/09/14 13:58:56 [notice] 25#25: exit
2022/09/14 13:58:56 [notice] 27#27: exit
2022/09/14 13:58:56 [notice] 28#28: exit
2022/09/14 13:58:56 [notice] 30#30: exit
2022/09/14 13:58:56 [notice] 26#26: exit
2022/09/14 13:58:56 [notice] 29#29: exit
2022/09/14 13:58:56 [notice] 31#31: gracefully shutting down
2022/09/14 13:58:56 [notice] 31#31: exiting
2022/09/14 13:58:56 [notice] 31#31: exit
2022/09/14 13:58:56 [notice] 1#1: signal 17 (SIGCHLD) received from 27
2022/09/14 13:58:56 [notice] 1#1: worker process 25 exited with code 0
2022/09/14 13:58:56 [notice] 1#1: worker process 27 exited with code 0
2022/09/14 13:58:56 [notice] 1#1: worker process 28 exited with code 0
2022/09/14 13:58:56 [notice] 1#1: worker process 29 exited with code 0
2022/09/14 13:58:56 [notice] 1#1: signal 29 (SIGIO) received
2022/09/14 13:58:56 [notice] 1#1: signal 17 (SIGCHLD) received from 26
2022/09/14 13:58:56 [notice] 1#1: worker process 24 exited with code 0
2022/09/14 13:58:56 [notice] 1#1: worker process 26 exited with code 0
2022/09/14 13:58:56 [notice] 1#1: worker process 30 exited with code 0
2022/09/14 13:58:56 [notice] 1#1: worker process 31 exited with code 0
2022/09/14 13:58:56 [notice] 1#1: signal 29 (SIGIO) received
2022/09/14 13:58:56 [notice] 1#1: signal 17 (SIGCHLD) received from 24
2022/09/14 13:59:00 [error] 56#56: *5 open() "/usr/share/nginx/html/index.php" failed (2: No such file or directory), client: 172.20.0.1, server: localhost, request: "GET /index.php HTTP/1.1", host: "lara"
2022/09/14 13:59:00 [error] 56#56: *5 open() "/usr/share/nginx/html/index.php" failed (2: No such file or directory), client: 172.20.0.1, server: localhost, request: "GET /index.php HTTP/1.1", host: "lara"
2022/09/14 13:59:01 [error] 56#56: *5 open() "/usr/share/nginx/html/index.php" failed (2: No such file or directory), client: 172.20.0.1, server: localhost, request: "GET /index.php HTTP/1.1", host: "lara"
2022/09/14 13:59:01 [error] 56#56: *5 open() "/usr/share/nginx/html/index.php" failed (2: No such file or directory), client: 172.20.0.1, server: localhost, request: "GET /index.php HTTP/1.1", host: "lara"
2022/09/14 13:59:01 [error] 56#56: *5 open() "/usr/share/nginx/html/index.php" failed (2: No such file or directory), client: 172.20.0.1, server: localhost, request: "GET /index.php HTTP/1.1", host: "lara"
2022/09/14 13:59:01 [error] 56#56: *5 open() "/usr/share/nginx/html/index.php" failed (2: No such file or directory), client: 172.20.0.1, server: localhost, request: "GET /index.php HTTP/1.1", host: "lara"
2022/09/14 13:59:05 [error] 56#56: *5 open() "/usr/share/nginx/html/index2.php" failed (2: No such file or directory), client: 172.20.0.1, server: localhost, request: "GET /index2.php HTTP/1.1", host: "lara"
2022/09/14 13:59:17 [error] 56#56: *5 open() "/usr/share/nginx/html/index2.php" failed (2: No such file or directory), client: 172.20.0.1, server: localhost, request: "GET /index2.php HTTP/1.1", host: "lara"
2022/09/14 13:59:18 [error] 56#56: *5 open() "/usr/share/nginx/html/index2.php" failed (2: No such file or directory), client: 172.20.0.1, server: localhost, request: "GET /index2.php HTTP/1.1", host: "lara"
2022/09/14 13:59:20 [error] 56#56: *5 open() "/usr/share/nginx/html/index2.php" failed (2: No such file or directory), client: 172.20.0.1, server: localhost, request: "GET /index2.php HTTP/1.1", host: "lara"
2022/09/14 14:01:04 [notice] 1#1: signal 3 (SIGQUIT) received, shutting down
2022/09/14 14:01:04 [notice] 56#56: gracefully shutting down
2022/09/14 14:01:04 [notice] 56#56: exiting
2022/09/14 14:01:04 [notice] 57#57: gracefully shutting down
2022/09/14 14:01:04 [notice] 59#59: gracefully shutting down
2022/09/14 14:01:04 [notice] 58#58: gracefully shutting down
2022/09/14 14:01:04 [notice] 57#57: exiting
2022/09/14 14:01:04 [notice] 60#60: gracefully shutting down
2022/09/14 14:01:04 [notice] 61#61: gracefully shutting down
2022/09/14 14:01:04 [notice] 60#60: exiting
2022/09/14 14:01:04 [notice] 59#59: exiting
2022/09/14 14:01:04 [notice] 61#61: exiting
2022/09/14 14:01:04 [notice] 58#58: exiting
2022/09/14 14:01:04 [notice] 56#56: exit
2022/09/14 14:01:04 [notice] 57#57: exit
2022/09/14 14:01:04 [notice] 61#61: exit
2022/09/14 14:01:04 [notice] 59#59: exit
2022/09/14 14:01:04 [notice] 58#58: exit
2022/09/14 14:01:04 [notice] 60#60: exit
2022/09/14 14:01:04 [notice] 62#62: gracefully shutting down
2022/09/14 14:01:04 [notice] 63#63: gracefully shutting down
2022/09/14 14:01:04 [notice] 62#62: exiting
2022/09/14 14:01:04 [notice] 63#63: exiting
2022/09/14 14:01:04 [notice] 62#62: exit
2022/09/14 14:01:04 [notice] 63#63: exit
2022/09/14 14:01:04 [notice] 1#1: signal 17 (SIGCHLD) received from 58
2022/09/14 14:01:04 [notice] 1#1: worker process 56 exited with code 0
2022/09/14 14:01:04 [notice] 1#1: worker process 58 exited with code 0
2022/09/14 14:01:04 [notice] 1#1: worker process 61 exited with code 0
2022/09/14 14:01:04 [notice] 1#1: worker process 62 exited with code 0
2022/09/14 14:01:04 [notice] 1#1: signal 29 (SIGIO) received
2022/09/14 14:01:04 [notice] 1#1: signal 17 (SIGCHLD) received from 59
2022/09/14 14:01:04 [notice] 1#1: worker process 59 exited with code 0
2022/09/14 14:01:04 [notice] 1#1: worker process 60 exited with code 0
2022/09/14 14:01:04 [notice] 1#1: signal 29 (SIGIO) received
2022/09/14 14:01:04 [notice] 1#1: signal 17 (SIGCHLD) received from 57
2022/09/14 14:01:04 [notice] 1#1: worker process 57 exited with code 0
2022/09/14 14:01:04 [notice] 1#1: signal 29 (SIGIO) received
2022/09/14 14:01:04 [notice] 1#1: signal 17 (SIGCHLD) received from 63
2022/09/14 14:01:04 [notice] 1#1: worker process 63 exited with code 0
2022/09/14 14:01:04 [notice] 1#1: exit
2022/09/14 14:02:23 [notice] 1#1: using the "epoll" event method
2022/09/14 14:02:23 [notice] 1#1: nginx/1.23.1
2022/09/14 14:02:23 [notice] 1#1: built by gcc 11.2.1 20220219 (Alpine 11.2.1_git20220219) 
2022/09/14 14:02:23 [notice] 1#1: OS: Linux 5.10.16.3-microsoft-standard-WSL2
2022/09/14 14:02:23 [notice] 1#1: getrlimit(RLIMIT_NOFILE): 1048576:1048576
2022/09/14 14:02:23 [notice] 1#1: start worker processes
2022/09/14 14:02:23 [notice] 1#1: start worker process 32
2022/09/14 14:02:23 [notice] 1#1: start worker process 33
2022/09/14 14:02:23 [notice] 1#1: start worker process 34
2022/09/14 14:02:23 [notice] 1#1: start worker process 35
2022/09/14 14:02:23 [notice] 1#1: start worker process 36
2022/09/14 14:02:23 [notice] 1#1: start worker process 37
2022/09/14 14:02:23 [notice] 1#1: start worker process 38
2022/09/14 14:02:23 [notice] 1#1: start worker process 39
2022/09/14 14:04:18 [error] 33#33: *2 open() "/usr/share/nginx/html/index.php" failed (2: No such file or directory), client: 172.21.0.1, server: localhost, request: "GET /index.php HTTP/1.1", host: "lara"
2022/09/14 14:20:00 [notice] 1#1: signal 3 (SIGQUIT) received, shutting down
2022/09/14 14:20:00 [notice] 32#32: gracefully shutting down
2022/09/14 14:20:00 [notice] 33#33: gracefully shutting down
2022/09/14 14:20:00 [notice] 32#32: exiting
2022/09/14 14:20:00 [notice] 33#33: exiting
2022/09/14 14:20:00 [notice] 35#35: gracefully shutting down
2022/09/14 14:20:00 [notice] 38#38: gracefully shutting down
2022/09/14 14:20:00 [notice] 35#35: exiting
2022/09/14 14:20:00 [notice] 38#38: exiting
2022/09/14 14:20:00 [notice] 33#33: exit
2022/09/14 14:20:00 [notice] 32#32: exit
2022/09/14 14:20:00 [notice] 38#38: exit
2022/09/14 14:20:00 [notice] 35#35: exit
2022/09/14 14:20:00 [notice] 34#34: gracefully shutting down
2022/09/14 14:20:00 [notice] 39#39: gracefully shutting down
2022/09/14 14:20:00 [notice] 34#34: exiting
2022/09/14 14:20:00 [notice] 39#39: exiting
2022/09/14 14:20:00 [notice] 34#34: exit
2022/09/14 14:20:00 [notice] 36#36: gracefully shutting down
2022/09/14 14:20:00 [notice] 36#36: exiting
2022/09/14 14:20:00 [notice] 37#37: gracefully shutting down
2022/09/14 14:20:00 [notice] 39#39: exit
2022/09/14 14:20:00 [notice] 36#36: exit
2022/09/14 14:20:00 [notice] 37#37: exiting
2022/09/14 14:20:00 [notice] 37#37: exit
2022/09/14 14:20:00 [notice] 1#1: signal 17 (SIGCHLD) received from 34
2022/09/14 14:20:00 [notice] 1#1: worker process 34 exited with code 0
2022/09/14 14:20:00 [notice] 1#1: signal 29 (SIGIO) received
2022/09/14 14:20:00 [notice] 1#1: signal 17 (SIGCHLD) received from 38
2022/09/14 14:20:00 [notice] 1#1: worker process 38 exited with code 0
2022/09/14 14:20:00 [notice] 1#1: signal 29 (SIGIO) received
2022/09/14 14:20:00 [notice] 1#1: signal 17 (SIGCHLD) received from 39
2022/09/14 14:20:00 [notice] 1#1: worker process 39 exited with code 0
2022/09/14 14:20:00 [notice] 1#1: signal 29 (SIGIO) received
2022/09/14 14:20:00 [notice] 1#1: signal 17 (SIGCHLD) received from 37
2022/09/14 14:20:00 [notice] 1#1: worker process 35 exited with code 0
2022/09/14 14:20:00 [notice] 1#1: worker process 37 exited with code 0
2022/09/14 14:20:00 [notice] 1#1: signal 29 (SIGIO) received
2022/09/14 14:20:00 [notice] 1#1: signal 17 (SIGCHLD) received from 32
2022/09/14 14:20:00 [notice] 1#1: worker process 32 exited with code 0
2022/09/14 14:20:00 [notice] 1#1: signal 29 (SIGIO) received
2022/09/14 14:20:01 [notice] 1#1: signal 17 (SIGCHLD) received from 33
2022/09/14 14:20:01 [notice] 1#1: worker process 33 exited with code 0
2022/09/14 14:20:01 [notice] 1#1: signal 29 (SIGIO) received
2022/09/14 14:20:01 [notice] 1#1: signal 17 (SIGCHLD) received from 36
2022/09/14 14:20:01 [notice] 1#1: worker process 36 exited with code 0
2022/09/14 14:20:01 [notice] 1#1: exit
2022/09/14 14:20:04 [notice] 1#1: using the "epoll" event method
2022/09/14 14:20:04 [notice] 1#1: nginx/1.23.1
2022/09/14 14:20:04 [notice] 1#1: built by gcc 11.2.1 20220219 (Alpine 11.2.1_git20220219) 
2022/09/14 14:20:04 [notice] 1#1: OS: Linux 5.10.16.3-microsoft-standard-WSL2
2022/09/14 14:20:04 [notice] 1#1: getrlimit(RLIMIT_NOFILE): 1048576:1048576
2022/09/14 14:20:04 [notice] 1#1: start worker processes
2022/09/14 14:20:04 [notice] 1#1: start worker process 24
2022/09/14 14:20:04 [notice] 1#1: start worker process 25
2022/09/14 14:20:04 [notice] 1#1: start worker process 26
2022/09/14 14:20:04 [notice] 1#1: start worker process 27
2022/09/14 14:20:04 [notice] 1#1: start worker process 28
2022/09/14 14:20:04 [notice] 1#1: start worker process 29
2022/09/14 14:20:04 [notice] 1#1: start worker process 30
2022/09/14 14:20:04 [notice] 1#1: start worker process 31
2022/09/14 14:20:21 [error] 24#24: *1 open() "/usr/share/nginx/html/index.php" failed (2: No such file or directory), client: 172.21.0.1, server: localhost, request: "GET /index.php HTTP/1.1", host: "lara"
2022/09/14 14:20:23 [error] 24#24: *1 open() "/usr/share/nginx/html/index.php" failed (2: No such file or directory), client: 172.21.0.1, server: localhost, request: "GET /index.php HTTP/1.1", host: "lara"
2022/09/14 14:21:37 [notice] 1#1: signal 3 (SIGQUIT) received, shutting down
2022/09/14 14:21:37 [notice] 29#29: gracefully shutting down
2022/09/14 14:21:37 [notice] 30#30: gracefully shutting down
2022/09/14 14:21:37 [notice] 29#29: exiting
2022/09/14 14:21:37 [notice] 26#26: gracefully shutting down
2022/09/14 14:21:37 [notice] 30#30: exiting
2022/09/14 14:21:37 [notice] 31#31: gracefully shutting down
2022/09/14 14:21:37 [notice] 26#26: exiting
2022/09/14 14:21:37 [notice] 31#31: exiting
2022/09/14 14:21:37 [notice] 29#29: exit
2022/09/14 14:21:37 [notice] 30#30: exit
2022/09/14 14:21:37 [notice] 26#26: exit
2022/09/14 14:21:37 [notice] 31#31: exit
2022/09/14 14:21:37 [notice] 25#25: gracefully shutting down
2022/09/14 14:21:37 [notice] 25#25: exiting
2022/09/14 14:21:37 [notice] 24#24: gracefully shutting down
2022/09/14 14:21:37 [notice] 24#24: exiting
2022/09/14 14:21:37 [notice] 25#25: exit
2022/09/14 14:21:37 [notice] 24#24: exit
2022/09/14 14:21:37 [notice] 27#27: gracefully shutting down
2022/09/14 14:21:37 [notice] 27#27: exiting
2022/09/14 14:21:37 [notice] 27#27: exit
2022/09/14 14:21:37 [notice] 28#28: gracefully shutting down
2022/09/14 14:21:37 [notice] 28#28: exiting
2022/09/14 14:21:37 [notice] 28#28: exit
2022/09/14 14:21:37 [notice] 1#1: signal 17 (SIGCHLD) received from 31
2022/09/14 14:21:37 [notice] 1#1: worker process 24 exited with code 0
2022/09/14 14:21:37 [notice] 1#1: worker process 25 exited with code 0
2022/09/14 14:21:37 [notice] 1#1: worker process 26 exited with code 0
2022/09/14 14:21:37 [notice] 1#1: worker process 29 exited with code 0
2022/09/14 14:21:37 [notice] 1#1: worker process 30 exited with code 0
2022/09/14 14:21:37 [notice] 1#1: worker process 31 exited with code 0
2022/09/14 14:21:37 [notice] 1#1: signal 29 (SIGIO) received
2022/09/14 14:21:37 [notice] 1#1: signal 17 (SIGCHLD) received from 28
2022/09/14 14:21:37 [notice] 1#1: worker process 27 exited with code 0
2022/09/14 14:21:37 [notice] 1#1: worker process 28 exited with code 0
2022/09/14 14:21:37 [notice] 1#1: exit
2022/09/14 14:22:02 [emerg] 1#1: unknown "project_name" variable
2022/09/14 14:25:47 [emerg] 1#1: unknown "project_name" variable
2022/09/14 14:29:00 [emerg] 1#1: unknown "nginx_project_name" variable
2022/09/14 14:41:07 [notice] 1#1: using the "epoll" event method
2022/09/14 14:41:07 [notice] 1#1: nginx/1.23.1
2022/09/14 14:41:07 [notice] 1#1: built by gcc 11.2.1 20220219 (Alpine 11.2.1_git20220219) 
2022/09/14 14:41:07 [notice] 1#1: OS: Linux 5.10.16.3-microsoft-standard-WSL2
2022/09/14 14:41:07 [notice] 1#1: getrlimit(RLIMIT_NOFILE): 1048576:1048576
2022/09/14 14:41:07 [notice] 1#1: start worker processes
2022/09/14 14:41:07 [notice] 1#1: start worker process 22
2022/09/14 14:41:07 [notice] 1#1: start worker process 23
2022/09/14 14:41:07 [notice] 1#1: start worker process 24
2022/09/14 14:41:07 [notice] 1#1: start worker process 25
2022/09/14 14:41:07 [notice] 1#1: start worker process 26
2022/09/14 14:41:07 [notice] 1#1: start worker process 27
2022/09/14 14:41:07 [notice] 1#1: start worker process 28
2022/09/14 14:41:07 [notice] 1#1: start worker process 29
2022/09/14 14:47:40 [notice] 1#1: using the "epoll" event method
2022/09/14 14:47:40 [notice] 1#1: nginx/1.23.1
2022/09/14 14:47:40 [notice] 1#1: built by gcc 11.2.1 20220219 (Alpine 11.2.1_git20220219) 
2022/09/14 14:47:40 [notice] 1#1: OS: Linux 5.10.16.3-microsoft-standard-WSL2
2022/09/14 14:47:40 [notice] 1#1: getrlimit(RLIMIT_NOFILE): 1048576:1048576
2022/09/14 14:47:40 [notice] 1#1: start worker processes
2022/09/14 14:47:40 [notice] 1#1: start worker process 37
2022/09/14 14:47:40 [notice] 1#1: start worker process 38
2022/09/14 14:47:40 [notice] 1#1: start worker process 39
2022/09/14 14:47:40 [notice] 1#1: start worker process 40
2022/09/14 14:47:40 [notice] 1#1: start worker process 41
2022/09/14 14:47:40 [notice] 1#1: start worker process 42
2022/09/14 14:47:40 [notice] 1#1: start worker process 43
2022/09/14 14:47:40 [notice] 1#1: start worker process 44
2022/09/14 15:26:17 [notice] 1#1: signal 3 (SIGQUIT) received, shutting down
2022/09/14 15:26:17 [notice] 37#37: gracefully shutting down
2022/09/14 15:26:17 [notice] 38#38: gracefully shutting down
2022/09/14 15:26:17 [notice] 39#39: gracefully shutting down
2022/09/14 15:26:17 [notice] 40#40: gracefully shutting down
2022/09/14 15:26:17 [notice] 41#41: gracefully shutting down
2022/09/14 15:26:17 [notice] 42#42: gracefully shutting down
2022/09/14 15:26:17 [notice] 43#43: gracefully shutting down
2022/09/14 15:26:17 [notice] 44#44: gracefully shutting down
2022/09/14 15:26:17 [notice] 40#40: exiting
2022/09/14 15:26:17 [notice] 39#39: exiting
2022/09/14 15:26:17 [notice] 37#37: exiting
2022/09/14 15:26:17 [notice] 43#43: exiting
2022/09/14 15:26:17 [notice] 38#38: exiting
2022/09/14 15:26:17 [notice] 40#40: exit
2022/09/14 15:26:17 [notice] 39#39: exit
2022/09/14 15:26:17 [notice] 41#41: exiting
2022/09/14 15:26:17 [notice] 37#37: exit
2022/09/14 15:26:17 [notice] 38#38: exit
2022/09/14 15:26:17 [notice] 43#43: exit
2022/09/14 15:26:17 [notice] 44#44: exiting
2022/09/14 15:26:17 [notice] 41#41: exit
2022/09/14 15:26:17 [notice] 44#44: exit
2022/09/14 15:26:17 [notice] 42#42: exiting
2022/09/14 15:26:17 [notice] 42#42: exit
2022/09/14 15:26:17 [notice] 1#1: signal 17 (SIGCHLD) received from 44
2022/09/14 15:26:17 [notice] 1#1: worker process 37 exited with code 0
2022/09/14 15:26:17 [notice] 1#1: worker process 44 exited with code 0
2022/09/14 15:26:17 [notice] 1#1: signal 29 (SIGIO) received
2022/09/14 15:26:17 [notice] 1#1: signal 17 (SIGCHLD) received from 41
2022/09/14 15:26:17 [notice] 1#1: worker process 40 exited with code 0
2022/09/14 15:26:17 [notice] 1#1: worker process 41 exited with code 0
2022/09/14 15:26:17 [notice] 1#1: worker process 42 exited with code 0
2022/09/14 15:26:17 [notice] 1#1: worker process 43 exited with code 0
2022/09/14 15:26:17 [notice] 1#1: signal 29 (SIGIO) received
2022/09/14 15:26:17 [notice] 1#1: signal 17 (SIGCHLD) received from 38
2022/09/14 15:26:17 [notice] 1#1: worker process 38 exited with code 0
2022/09/14 15:26:17 [notice] 1#1: signal 29 (SIGIO) received
2022/09/14 15:26:17 [notice] 1#1: signal 17 (SIGCHLD) received from 39
2022/09/14 15:26:17 [notice] 1#1: worker process 39 exited with code 0
2022/09/14 15:26:17 [notice] 1#1: exit
2022/09/14 15:26:45 [notice] 1#1: using the "epoll" event method
2022/09/14 15:26:45 [notice] 1#1: nginx/1.23.1
2022/09/14 15:26:45 [notice] 1#1: built by gcc 11.2.1 20220219 (Alpine 11.2.1_git20220219) 
2022/09/14 15:26:45 [notice] 1#1: OS: Linux 5.10.16.3-microsoft-standard-WSL2
2022/09/14 15:26:45 [notice] 1#1: getrlimit(RLIMIT_NOFILE): 1048576:1048576
2022/09/14 15:26:45 [notice] 1#1: start worker processes
2022/09/14 15:26:45 [notice] 1#1: start worker process 37
2022/09/14 15:26:45 [notice] 1#1: start worker process 38
2022/09/14 15:26:45 [notice] 1#1: start worker process 39
2022/09/14 15:26:45 [notice] 1#1: start worker process 40
2022/09/14 15:26:45 [notice] 1#1: start worker process 41
2022/09/14 15:26:45 [notice] 1#1: start worker process 42
2022/09/14 15:26:45 [notice] 1#1: start worker process 43
2022/09/14 15:26:45 [notice] 1#1: start worker process 44
2022/09/14 22:27:52 [notice] 1#1: signal 3 (SIGQUIT) received, shutting down
2022/09/14 22:27:53 [notice] 39#39: gracefully shutting down
2022/09/14 22:27:53 [notice] 40#40: gracefully shutting down
2022/09/14 22:27:53 [notice] 37#37: gracefully shutting down
2022/09/14 22:27:53 [notice] 44#44: gracefully shutting down
2022/09/14 22:27:53 [notice] 43#43: gracefully shutting down
2022/09/14 22:27:53 [notice] 42#42: gracefully shutting down
2022/09/14 22:27:53 [notice] 37#37: exiting
2022/09/14 22:27:53 [notice] 40#40: exiting
2022/09/14 22:27:53 [notice] 42#42: exiting
2022/09/14 22:27:53 [notice] 43#43: exiting
2022/09/14 22:27:53 [notice] 44#44: exiting
2022/09/14 22:27:54 [notice] 38#38: gracefully shutting down
2022/09/14 22:27:54 [notice] 41#41: gracefully shutting down
2022/09/14 22:27:54 [notice] 41#41: exiting
2022/09/14 22:27:54 [notice] 38#38: exiting
2022/09/14 22:27:53 [notice] 39#39: exiting
2022/09/14 22:27:53 [notice] 40#40: exit
2022/09/14 22:27:54 [notice] 41#41: exit
2022/09/14 22:27:53 [notice] 44#44: exit
2022/09/14 22:27:53 [notice] 43#43: exit
2022/09/14 22:27:53 [notice] 37#37: exit
2022/09/14 22:27:54 [notice] 38#38: exit
2022/09/14 22:27:53 [notice] 39#39: exit
2022/09/14 22:27:53 [notice] 42#42: exit
2022/09/14 22:27:55 [notice] 1#1: signal 17 (SIGCHLD) received from 41
2022/09/14 22:27:55 [notice] 1#1: worker process 39 exited with code 0
2022/09/14 22:27:55 [notice] 1#1: worker process 40 exited with code 0
2022/09/14 22:27:55 [notice] 1#1: worker process 41 exited with code 0
2022/09/14 22:27:55 [notice] 1#1: worker process 42 exited with code 0
2022/09/14 22:27:55 [notice] 1#1: worker process 43 exited with code 0
2022/09/14 22:27:55 [notice] 1#1: worker process 44 exited with code 0
2022/09/14 22:27:56 [notice] 1#1: signal 29 (SIGIO) received
2022/09/14 22:27:56 [notice] 1#1: signal 17 (SIGCHLD) received from 43
2022/09/14 22:27:56 [notice] 1#1: worker process 38 exited with code 0
2022/09/14 22:27:56 [notice] 1#1: signal 17 (SIGCHLD) received from 37
2022/09/14 22:27:56 [notice] 1#1: worker process 37 exited with code 0
2022/09/14 22:27:56 [notice] 1#1: exit
2022/09/14 22:30:59 [notice] 1#1: using the "epoll" event method
2022/09/14 22:30:59 [notice] 1#1: nginx/1.23.1
2022/09/14 22:30:59 [notice] 1#1: built by gcc 11.2.1 20220219 (Alpine 11.2.1_git20220219) 
2022/09/14 22:30:59 [notice] 1#1: OS: Linux 5.10.16.3-microsoft-standard-WSL2
2022/09/14 22:30:59 [notice] 1#1: getrlimit(RLIMIT_NOFILE): 1048576:1048576
2022/09/14 22:30:59 [notice] 1#1: start worker processes
2022/09/14 22:30:59 [notice] 1#1: start worker process 37
2022/09/14 22:30:59 [notice] 1#1: start worker process 38
2022/09/14 22:30:59 [notice] 1#1: start worker process 39
2022/09/14 22:30:59 [notice] 1#1: start worker process 40
2022/09/14 22:30:59 [notice] 1#1: start worker process 41
2022/09/14 22:30:59 [notice] 1#1: start worker process 42
2022/09/14 22:30:59 [notice] 1#1: start worker process 43
2022/09/14 22:30:59 [notice] 1#1: start worker process 44
2022/09/14 22:51:45 [notice] 1#1: signal 3 (SIGQUIT) received, shutting down
2022/09/14 22:51:45 [notice] 37#37: gracefully shutting down
2022/09/14 22:51:45 [notice] 39#39: gracefully shutting down
2022/09/14 22:51:45 [notice] 38#38: gracefully shutting down
2022/09/14 22:51:45 [notice] 37#37: exiting
2022/09/14 22:51:45 [notice] 42#42: gracefully shutting down
2022/09/14 22:51:45 [notice] 39#39: exiting
2022/09/14 22:51:45 [notice] 44#44: gracefully shutting down
2022/09/14 22:51:45 [notice] 38#38: exiting
2022/09/14 22:51:45 [notice] 42#42: exiting
2022/09/14 22:51:45 [notice] 44#44: exiting
2022/09/14 22:51:45 [notice] 41#41: gracefully shutting down
2022/09/14 22:51:45 [notice] 37#37: exit
2022/09/14 22:51:45 [notice] 41#41: exiting
2022/09/14 22:51:45 [notice] 38#38: exit
2022/09/14 22:51:45 [notice] 39#39: exit
2022/09/14 22:51:45 [notice] 40#40: gracefully shutting down
2022/09/14 22:51:45 [notice] 44#44: exit
2022/09/14 22:51:45 [notice] 42#42: exit
2022/09/14 22:51:45 [notice] 40#40: exiting
2022/09/14 22:51:45 [notice] 41#41: exit
2022/09/14 22:51:45 [notice] 40#40: exit
2022/09/14 22:51:45 [notice] 43#43: gracefully shutting down
2022/09/14 22:51:45 [notice] 43#43: exiting
2022/09/14 22:51:45 [notice] 43#43: exit
2022/09/14 22:51:45 [notice] 1#1: signal 17 (SIGCHLD) received from 43
2022/09/14 22:51:45 [notice] 1#1: worker process 40 exited with code 0
2022/09/14 22:51:45 [notice] 1#1: worker process 41 exited with code 0
2022/09/14 22:51:45 [notice] 1#1: worker process 42 exited with code 0
2022/09/14 22:51:45 [notice] 1#1: worker process 43 exited with code 0
2022/09/14 22:51:45 [notice] 1#1: signal 29 (SIGIO) received
2022/09/14 22:51:45 [notice] 1#1: signal 17 (SIGCHLD) received from 41
2022/09/14 22:51:45 [notice] 1#1: worker process 39 exited with code 0
2022/09/14 22:51:45 [notice] 1#1: signal 29 (SIGIO) received
2022/09/14 22:51:45 [notice] 1#1: signal 17 (SIGCHLD) received from 44
2022/09/14 22:51:45 [notice] 1#1: worker process 37 exited with code 0
2022/09/14 22:51:45 [notice] 1#1: worker process 44 exited with code 0
2022/09/14 22:51:45 [notice] 1#1: signal 29 (SIGIO) received
2022/09/14 22:51:45 [notice] 1#1: signal 17 (SIGCHLD) received from 38
2022/09/14 22:51:45 [notice] 1#1: worker process 38 exited with code 0
2022/09/14 22:51:45 [notice] 1#1: exit
2022/09/14 23:03:58 [notice] 1#1: using the "epoll" event method
2022/09/14 23:03:58 [notice] 1#1: nginx/1.23.1
2022/09/14 23:03:58 [notice] 1#1: built by gcc 11.2.1 20220219 (Alpine 11.2.1_git20220219) 
2022/09/14 23:03:58 [notice] 1#1: OS: Linux 5.10.16.3-microsoft-standard-WSL2
2022/09/14 23:03:58 [notice] 1#1: getrlimit(RLIMIT_NOFILE): 1048576:1048576
2022/09/14 23:03:58 [notice] 1#1: start worker processes
2022/09/14 23:03:58 [notice] 1#1: start worker process 37
2022/09/14 23:03:58 [notice] 1#1: start worker process 38
2022/09/14 23:03:58 [notice] 1#1: start worker process 39
2022/09/14 23:03:58 [notice] 1#1: start worker process 40
2022/09/14 23:03:58 [notice] 1#1: start worker process 41
2022/09/14 23:03:58 [notice] 1#1: start worker process 42
2022/09/14 23:03:58 [notice] 1#1: start worker process 43
2022/09/14 23:03:58 [notice] 1#1: start worker process 44
